{"/home/dbd/springboard/dmcconeghy.github.io/express-bookstore/app.js": {"path":"/home/dbd/springboard/dmcconeghy.github.io/express-bookstore/app.js","statementMap":{"0":{"start":{"line":4,"column":16},"end":{"line":4,"column":34}},"1":{"start":{"line":5,"column":12},"end":{"line":5,"column":21}},"2":{"start":{"line":7,"column":0},"end":{"line":7,"column":24}},"3":{"start":{"line":9,"column":21},"end":{"line":9,"column":46}},"4":{"start":{"line":10,"column":19},"end":{"line":10,"column":44}},"5":{"start":{"line":12,"column":0},"end":{"line":12,"column":30}},"6":{"start":{"line":16,"column":0},"end":{"line":19,"column":3}},"7":{"start":{"line":17,"column":14},"end":{"line":17,"column":48}},"8":{"start":{"line":18,"column":2},"end":{"line":18,"column":19}},"9":{"start":{"line":24,"column":0},"end":{"line":31,"column":3}},"10":{"start":{"line":25,"column":2},"end":{"line":25,"column":32}},"11":{"start":{"line":27,"column":2},"end":{"line":30,"column":5}},"12":{"start":{"line":34,"column":0},"end":{"line":34,"column":21}}},"fnMap":{"0":{"name":"(anonymous_0)","decl":{"start":{"line":16,"column":8},"end":{"line":16,"column":9}},"loc":{"start":{"line":16,"column":34},"end":{"line":19,"column":1}},"line":16},"1":{"name":"(anonymous_1)","decl":{"start":{"line":24,"column":8},"end":{"line":24,"column":9}},"loc":{"start":{"line":24,"column":38},"end":{"line":31,"column":1}},"line":24}},"branchMap":{"0":{"loc":{"start":{"line":25,"column":13},"end":{"line":25,"column":30}},"type":"binary-expr","locations":[{"start":{"line":25,"column":13},"end":{"line":25,"column":23}},{"start":{"line":25,"column":27},"end":{"line":25,"column":30}}],"line":25}},"s":{"0":1,"1":1,"2":1,"3":1,"4":1,"5":1,"6":1,"7":2,"8":2,"9":1,"10":7,"11":7,"12":1},"f":{"0":2,"1":7},"b":{"0":[7,1]},"_coverageSchema":"1a1c01bbd47fc00a2c39e90264f33305004495a9","hash":"9243ba353b45655edad1678c2bd494db8ef69abe"}
,"/home/dbd/springboard/dmcconeghy.github.io/express-bookstore/config.js": {"path":"/home/dbd/springboard/dmcconeghy.github.io/express-bookstore/config.js","statementMap":{"0":{"start":{"line":4,"column":13},"end":{"line":4,"column":28}},"1":{"start":{"line":6,"column":0},"end":{"line":10,"column":1}},"2":{"start":{"line":7,"column":2},"end":{"line":7,"column":34}},"3":{"start":{"line":9,"column":2},"end":{"line":9,"column":57}},"4":{"start":{"line":13,"column":0},"end":{"line":13,"column":28}}},"fnMap":{},"branchMap":{"0":{"loc":{"start":{"line":6,"column":0},"end":{"line":10,"column":1}},"type":"if","locations":[{"start":{"line":6,"column":0},"end":{"line":10,"column":1}},{"start":{"line":8,"column":7},"end":{"line":10,"column":1}}],"line":6},"1":{"loc":{"start":{"line":9,"column":11},"end":{"line":9,"column":56}},"type":"binary-expr","locations":[{"start":{"line":9,"column":11},"end":{"line":9,"column":35}},{"start":{"line":9,"column":39},"end":{"line":9,"column":56}}],"line":9}},"s":{"0":1,"1":1,"2":1,"3":0,"4":1},"f":{},"b":{"0":[1,0],"1":[0,0]},"_coverageSchema":"1a1c01bbd47fc00a2c39e90264f33305004495a9","hash":"cf265c9dee07ba043356c1d14692ea768ab4794f"}
,"/home/dbd/springboard/dmcconeghy.github.io/express-bookstore/db.js": {"path":"/home/dbd/springboard/dmcconeghy.github.io/express-bookstore/db.js","statementMap":{"0":{"start":{"line":4,"column":19},"end":{"line":4,"column":32}},"1":{"start":{"line":5,"column":17},"end":{"line":5,"column":36}},"2":{"start":{"line":7,"column":9},"end":{"line":9,"column":2}},"3":{"start":{"line":11,"column":0},"end":{"line":11,"column":13}},"4":{"start":{"line":14,"column":0},"end":{"line":14,"column":20}}},"fnMap":{},"branchMap":{},"s":{"0":1,"1":1,"2":1,"3":1,"4":1},"f":{},"b":{},"_coverageSchema":"1a1c01bbd47fc00a2c39e90264f33305004495a9","hash":"883d8d8572bb1d77247b1b5b91dca3eb8585f3fd"}
,"/home/dbd/springboard/dmcconeghy.github.io/express-bookstore/expressError.js": {"path":"/home/dbd/springboard/dmcconeghy.github.io/express-bookstore/expressError.js","statementMap":{"0":{"start":{"line":9,"column":4},"end":{"line":9,"column":12}},"1":{"start":{"line":10,"column":4},"end":{"line":10,"column":27}},"2":{"start":{"line":11,"column":4},"end":{"line":11,"column":25}},"3":{"start":{"line":12,"column":4},"end":{"line":12,"column":30}},"4":{"start":{"line":17,"column":0},"end":{"line":17,"column":30}}},"fnMap":{"0":{"name":"(anonymous_0)","decl":{"start":{"line":8,"column":2},"end":{"line":8,"column":3}},"loc":{"start":{"line":8,"column":31},"end":{"line":13,"column":3}},"line":8}},"branchMap":{},"s":{"0":5,"1":5,"2":5,"3":5,"4":1},"f":{"0":5},"b":{},"_coverageSchema":"1a1c01bbd47fc00a2c39e90264f33305004495a9","hash":"7e7d49f52afa1711e9737c7aae07b860e702be14"}
,"/home/dbd/springboard/dmcconeghy.github.io/express-bookstore/models/book.js": {"path":"/home/dbd/springboard/dmcconeghy.github.io/express-bookstore/models/book.js","statementMap":{"0":{"start":{"line":1,"column":11},"end":{"line":1,"column":27}},"1":{"start":{"line":14,"column":20},"end":{"line":24,"column":37}},"2":{"start":{"line":26,"column":4},"end":{"line":28,"column":5}},"3":{"start":{"line":27,"column":6},"end":{"line":27,"column":78}},"4":{"start":{"line":30,"column":4},"end":{"line":30,"column":27}},"5":{"start":{"line":41,"column":21},"end":{"line":51,"column":28}},"6":{"start":{"line":53,"column":4},"end":{"line":53,"column":25}},"7":{"start":{"line":65,"column":19},"end":{"line":94,"column":5}},"8":{"start":{"line":96,"column":4},"end":{"line":96,"column":26}},"9":{"start":{"line":108,"column":19},"end":{"line":136,"column":5}},"10":{"start":{"line":138,"column":4},"end":{"line":140,"column":5}},"11":{"start":{"line":139,"column":6},"end":{"line":139,"column":78}},"12":{"start":{"line":142,"column":4},"end":{"line":142,"column":26}},"13":{"start":{"line":148,"column":19},"end":{"line":152,"column":15}},"14":{"start":{"line":154,"column":4},"end":{"line":156,"column":5}},"15":{"start":{"line":155,"column":6},"end":{"line":155,"column":78}},"16":{"start":{"line":161,"column":0},"end":{"line":161,"column":22}}},"fnMap":{"0":{"name":"(anonymous_0)","decl":{"start":{"line":13,"column":2},"end":{"line":13,"column":3}},"loc":{"start":{"line":13,"column":29},"end":{"line":31,"column":3}},"line":13},"1":{"name":"(anonymous_1)","decl":{"start":{"line":40,"column":2},"end":{"line":40,"column":3}},"loc":{"start":{"line":40,"column":25},"end":{"line":54,"column":3}},"line":40},"2":{"name":"(anonymous_2)","decl":{"start":{"line":64,"column":2},"end":{"line":64,"column":3}},"loc":{"start":{"line":64,"column":28},"end":{"line":97,"column":3}},"line":64},"3":{"name":"(anonymous_3)","decl":{"start":{"line":107,"column":2},"end":{"line":107,"column":3}},"loc":{"start":{"line":107,"column":34},"end":{"line":143,"column":3}},"line":107},"4":{"name":"(anonymous_4)","decl":{"start":{"line":147,"column":2},"end":{"line":147,"column":3}},"loc":{"start":{"line":147,"column":28},"end":{"line":157,"column":3}},"line":147}},"branchMap":{"0":{"loc":{"start":{"line":26,"column":4},"end":{"line":28,"column":5}},"type":"if","locations":[{"start":{"line":26,"column":4},"end":{"line":28,"column":5}},{"start":{},"end":{}}],"line":26},"1":{"loc":{"start":{"line":138,"column":4},"end":{"line":140,"column":5}},"type":"if","locations":[{"start":{"line":138,"column":4},"end":{"line":140,"column":5}},{"start":{},"end":{}}],"line":138},"2":{"loc":{"start":{"line":154,"column":4},"end":{"line":156,"column":5}},"type":"if","locations":[{"start":{"line":154,"column":4},"end":{"line":156,"column":5}},{"start":{},"end":{}}],"line":154}},"s":{"0":1,"1":2,"2":2,"3":1,"4":1,"5":1,"6":1,"7":3,"8":2,"9":1,"10":1,"11":0,"12":1,"13":1,"14":1,"15":0,"16":1},"f":{"0":2,"1":1,"2":3,"3":1,"4":1},"b":{"0":[1,1],"1":[0,1],"2":[0,1]},"_coverageSchema":"1a1c01bbd47fc00a2c39e90264f33305004495a9","hash":"1f261925ebcd51f434d4edbaeb9a45753ba98146"}
,"/home/dbd/springboard/dmcconeghy.github.io/express-bookstore/routes/books.js": {"path":"/home/dbd/springboard/dmcconeghy.github.io/express-bookstore/routes/books.js","statementMap":{"0":{"start":{"line":1,"column":16},"end":{"line":1,"column":34}},"1":{"start":{"line":2,"column":21},"end":{"line":2,"column":47}},"2":{"start":{"line":4,"column":13},"end":{"line":4,"column":38}},"3":{"start":{"line":5,"column":19},"end":{"line":5,"column":40}},"4":{"start":{"line":6,"column":19},"end":{"line":6,"column":56}},"5":{"start":{"line":8,"column":15},"end":{"line":8,"column":35}},"6":{"start":{"line":13,"column":0},"end":{"line":20,"column":3}},"7":{"start":{"line":14,"column":2},"end":{"line":19,"column":3}},"8":{"start":{"line":15,"column":18},"end":{"line":15,"column":47}},"9":{"start":{"line":16,"column":4},"end":{"line":16,"column":31}},"10":{"start":{"line":18,"column":4},"end":{"line":18,"column":21}},"11":{"start":{"line":24,"column":0},"end":{"line":31,"column":3}},"12":{"start":{"line":25,"column":2},"end":{"line":30,"column":3}},"13":{"start":{"line":26,"column":17},"end":{"line":26,"column":50}},"14":{"start":{"line":27,"column":4},"end":{"line":27,"column":30}},"15":{"start":{"line":29,"column":4},"end":{"line":29,"column":21}},"16":{"start":{"line":35,"column":0},"end":{"line":51,"column":3}},"17":{"start":{"line":36,"column":2},"end":{"line":50,"column":3}},"18":{"start":{"line":37,"column":19},"end":{"line":37,"column":60}},"19":{"start":{"line":39,"column":4},"end":{"line":43,"column":5}},"20":{"start":{"line":40,"column":25},"end":{"line":40,"column":64}},"21":{"start":{"line":40,"column":52},"end":{"line":40,"column":63}},"22":{"start":{"line":41,"column":18},"end":{"line":41,"column":53}},"23":{"start":{"line":42,"column":6},"end":{"line":42,"column":24}},"24":{"start":{"line":45,"column":17},"end":{"line":45,"column":44}},"25":{"start":{"line":46,"column":4},"end":{"line":46,"column":42}},"26":{"start":{"line":49,"column":4},"end":{"line":49,"column":21}},"27":{"start":{"line":55,"column":0},"end":{"line":70,"column":3}},"28":{"start":{"line":56,"column":2},"end":{"line":69,"column":3}},"29":{"start":{"line":57,"column":19},"end":{"line":57,"column":60}},"30":{"start":{"line":59,"column":4},"end":{"line":63,"column":5}},"31":{"start":{"line":60,"column":25},"end":{"line":60,"column":64}},"32":{"start":{"line":60,"column":52},"end":{"line":60,"column":63}},"33":{"start":{"line":61,"column":18},"end":{"line":61,"column":53}},"34":{"start":{"line":62,"column":6},"end":{"line":62,"column":24}},"35":{"start":{"line":65,"column":17},"end":{"line":65,"column":61}},"36":{"start":{"line":66,"column":4},"end":{"line":66,"column":30}},"37":{"start":{"line":68,"column":4},"end":{"line":68,"column":21}},"38":{"start":{"line":74,"column":0},"end":{"line":81,"column":3}},"39":{"start":{"line":75,"column":2},"end":{"line":80,"column":3}},"40":{"start":{"line":76,"column":4},"end":{"line":76,"column":39}},"41":{"start":{"line":77,"column":4},"end":{"line":77,"column":49}},"42":{"start":{"line":79,"column":4},"end":{"line":79,"column":21}},"43":{"start":{"line":83,"column":0},"end":{"line":83,"column":24}}},"fnMap":{"0":{"name":"(anonymous_0)","decl":{"start":{"line":13,"column":16},"end":{"line":13,"column":17}},"loc":{"start":{"line":13,"column":48},"end":{"line":20,"column":1}},"line":13},"1":{"name":"(anonymous_1)","decl":{"start":{"line":24,"column":19},"end":{"line":24,"column":20}},"loc":{"start":{"line":24,"column":51},"end":{"line":31,"column":1}},"line":24},"2":{"name":"(anonymous_2)","decl":{"start":{"line":35,"column":17},"end":{"line":35,"column":18}},"loc":{"start":{"line":35,"column":49},"end":{"line":51,"column":1}},"line":35},"3":{"name":"(anonymous_3)","decl":{"start":{"line":40,"column":43},"end":{"line":40,"column":44}},"loc":{"start":{"line":40,"column":52},"end":{"line":40,"column":63}},"line":40},"4":{"name":"(anonymous_4)","decl":{"start":{"line":55,"column":21},"end":{"line":55,"column":22}},"loc":{"start":{"line":55,"column":53},"end":{"line":70,"column":1}},"line":55},"5":{"name":"(anonymous_5)","decl":{"start":{"line":60,"column":43},"end":{"line":60,"column":44}},"loc":{"start":{"line":60,"column":52},"end":{"line":60,"column":63}},"line":60},"6":{"name":"(anonymous_6)","decl":{"start":{"line":74,"column":24},"end":{"line":74,"column":25}},"loc":{"start":{"line":74,"column":56},"end":{"line":81,"column":1}},"line":74}},"branchMap":{"0":{"loc":{"start":{"line":39,"column":4},"end":{"line":43,"column":5}},"type":"if","locations":[{"start":{"line":39,"column":4},"end":{"line":43,"column":5}},{"start":{},"end":{}}],"line":39},"1":{"loc":{"start":{"line":59,"column":4},"end":{"line":63,"column":5}},"type":"if","locations":[{"start":{"line":59,"column":4},"end":{"line":63,"column":5}},{"start":{},"end":{}}],"line":59}},"s":{"0":1,"1":1,"2":1,"3":1,"4":1,"5":1,"6":1,"7":1,"8":1,"9":1,"10":0,"11":1,"12":2,"13":2,"14":1,"15":1,"16":1,"17":4,"18":4,"19":4,"20":1,"21":1,"22":1,"23":1,"24":3,"25":2,"26":1,"27":1,"28":3,"29":3,"30":3,"31":2,"32":2,"33":2,"34":2,"35":1,"36":1,"37":0,"38":1,"39":1,"40":1,"41":1,"42":0,"43":1},"f":{"0":1,"1":2,"2":4,"3":1,"4":3,"5":2,"6":1},"b":{"0":[1,3],"1":[2,1]},"_coverageSchema":"1a1c01bbd47fc00a2c39e90264f33305004495a9","hash":"596394d7a1741d4e1c7588b5f9d6f71bd45566e2"}
}
