TN:
SF:app.js
FN:16,(anonymous_0)
FN:24,(anonymous_1)
FNF:2
FNH:2
FNDA:2,(anonymous_0)
FNDA:7,(anonymous_1)
DA:4,1
DA:5,1
DA:7,1
DA:9,1
DA:10,1
DA:12,1
DA:16,1
DA:17,2
DA:18,2
DA:24,1
DA:25,7
DA:27,7
DA:34,1
LF:13
LH:13
BRDA:25,0,0,7
BRDA:25,0,1,1
BRF:2
BRH:2
end_of_record
TN:
SF:config.js
FNF:0
FNH:0
DA:4,1
DA:6,1
DA:7,1
DA:9,0
DA:13,1
LF:5
LH:4
BRDA:6,0,0,1
BRDA:6,0,1,0
BRDA:9,1,0,0
BRDA:9,1,1,0
BRF:4
BRH:1
end_of_record
TN:
SF:db.js
FNF:0
FNH:0
DA:4,1
DA:5,1
DA:7,1
DA:11,1
DA:14,1
LF:5
LH:5
BRF:0
BRH:0
end_of_record
TN:
SF:expressError.js
FN:8,(anonymous_0)
FNF:1
FNH:1
FNDA:5,(anonymous_0)
DA:9,5
DA:10,5
DA:11,5
DA:12,5
DA:17,1
LF:5
LH:5
BRF:0
BRH:0
end_of_record
TN:
SF:models/book.js
FN:13,(anonymous_0)
FN:40,(anonymous_1)
FN:64,(anonymous_2)
FN:107,(anonymous_3)
FN:147,(anonymous_4)
FNF:5
FNH:5
FNDA:2,(anonymous_0)
FNDA:1,(anonymous_1)
FNDA:3,(anonymous_2)
FNDA:1,(anonymous_3)
FNDA:1,(anonymous_4)
DA:1,1
DA:14,2
DA:26,2
DA:27,1
DA:30,1
DA:41,1
DA:53,1
DA:65,3
DA:96,2
DA:108,1
DA:138,1
DA:139,0
DA:142,1
DA:148,1
DA:154,1
DA:155,0
DA:161,1
LF:17
LH:15
BRDA:26,0,0,1
BRDA:26,0,1,1
BRDA:138,1,0,0
BRDA:138,1,1,1
BRDA:154,2,0,0
BRDA:154,2,1,1
BRF:6
BRH:4
end_of_record
TN:
SF:routes/books.js
FN:13,(anonymous_0)
FN:24,(anonymous_1)
FN:35,(anonymous_2)
FN:40,(anonymous_3)
FN:55,(anonymous_4)
FN:60,(anonymous_5)
FN:74,(anonymous_6)
FNF:7
FNH:7
FNDA:1,(anonymous_0)
FNDA:2,(anonymous_1)
FNDA:4,(anonymous_2)
FNDA:1,(anonymous_3)
FNDA:3,(anonymous_4)
FNDA:2,(anonymous_5)
FNDA:1,(anonymous_6)
DA:1,1
DA:2,1
DA:4,1
DA:5,1
DA:6,1
DA:8,1
DA:13,1
DA:14,1
DA:15,1
DA:16,1
DA:18,0
DA:24,1
DA:25,2
DA:26,2
DA:27,1
DA:29,1
DA:35,1
DA:36,4
DA:37,4
DA:39,4
DA:40,1
DA:41,1
DA:42,1
DA:45,3
DA:46,2
DA:49,1
DA:55,1
DA:56,3
DA:57,3
DA:59,3
DA:60,2
DA:61,2
DA:62,2
DA:65,1
DA:66,1
DA:68,0
DA:74,1
DA:75,1
DA:76,1
DA:77,1
DA:79,0
DA:83,1
LF:42
LH:39
BRDA:39,0,0,1
BRDA:39,0,1,3
BRDA:59,1,0,2
BRDA:59,1,1,1
BRF:4
BRH:4
end_of_record
