TN:
SF:_test-common.js
FN:5,createFakeData
FNF:1
FNH:1
FNDA:21,createFakeData
DA:3,3
DA:6,21
DA:7,21
DA:8,21
DA:9,21
DA:11,21
DA:17,21
DA:24,21
DA:29,21
DA:35,3
LF:10
LH:10
BRF:0
BRH:0
end_of_record
TN:
SF:app.js
FN:20,(anonymous_0)
FN:27,(anonymous_1)
FNF:2
FNH:1
FNDA:0,(anonymous_0)
FNDA:8,(anonymous_1)
DA:3,3
DA:5,3
DA:6,3
DA:7,3
DA:8,3
DA:10,3
DA:12,3
DA:14,3
DA:15,3
DA:16,3
DA:20,3
DA:21,0
DA:22,0
DA:27,3
DA:28,8
DA:30,8
DA:37,3
LF:17
LH:15
BRDA:28,0,0,8
BRDA:28,0,1,1
BRF:2
BRH:2
end_of_record
TN:
SF:db.js
FNF:0
FNH:0
DA:3,3
DA:5,3
DA:9,3
DA:11,3
LF:4
LH:4
BRF:0
BRH:0
end_of_record
TN:
SF:expressError.js
FN:8,(anonymous_0)
FNF:1
FNH:1
FNDA:7,(anonymous_0)
DA:9,7
DA:10,7
DA:11,7
DA:12,7
DA:17,3
LF:5
LH:5
BRF:0
BRH:0
end_of_record
TN:
SF:routes/companies.js
FN:8,(anonymous_0)
FN:27,(anonymous_1)
FN:59,(anonymous_2)
FN:60,(anonymous_3)
FN:70,(anonymous_4)
FN:91,(anonymous_5)
FN:119,(anonymous_6)
FNF:7
FNH:6
FNDA:1,(anonymous_0)
FNDA:2,(anonymous_1)
FNDA:2,(anonymous_2)
FNDA:0,(anonymous_3)
FNDA:2,(anonymous_4)
FNDA:3,(anonymous_5)
FNDA:2,(anonymous_6)
DA:1,3
DA:2,3
DA:3,3
DA:4,3
DA:6,3
DA:8,3
DA:10,1
DA:12,1
DA:17,1
DA:21,0
DA:27,3
DA:28,2
DA:29,2
DA:31,2
DA:38,2
DA:45,2
DA:52,2
DA:53,1
DA:55,1
DA:56,1
DA:57,1
DA:59,2
DA:60,1
DA:62,1
DA:66,1
DA:70,3
DA:71,2
DA:73,2
DA:74,2
DA:76,2
DA:83,1
DA:87,1
DA:91,3
DA:92,3
DA:94,3
DA:95,3
DA:97,3
DA:105,3
DA:106,2
DA:108,1
DA:113,2
DA:119,3
DA:120,2
DA:122,2
DA:124,2
DA:131,2
DA:132,1
DA:134,1
DA:139,1
DA:144,3
LF:50
LH:49
BRDA:52,0,0,1
BRDA:52,0,1,1
BRDA:105,1,0,2
BRDA:105,1,1,1
BRDA:131,2,0,1
BRDA:131,2,1,1
BRF:6
BRH:6
end_of_record
TN:
SF:routes/industries.js
FN:7,(anonymous_0)
FN:47,(anonymous_1)
FN:67,(anonymous_2)
FNF:3
FNH:3
FNDA:1,(anonymous_0)
FNDA:1,(anonymous_1)
FNDA:2,(anonymous_2)
DA:1,3
DA:2,3
DA:3,3
DA:5,3
DA:7,3
DA:8,1
DA:10,1
DA:35,1
DA:36,0
DA:39,1
DA:43,0
DA:47,3
DA:48,1
DA:50,1
DA:52,1
DA:59,1
DA:63,0
DA:67,3
DA:68,2
DA:70,2
DA:71,2
DA:73,2
DA:81,2
DA:82,1
DA:84,1
DA:89,1
DA:95,3
LF:27
LH:24
BRDA:35,0,0,0
BRDA:35,0,1,1
BRDA:81,1,0,1
BRDA:81,1,1,1
BRF:4
BRH:3
end_of_record
TN:
SF:routes/invoices.js
FN:7,(anonymous_0)
FN:22,(anonymous_1)
FN:68,(anonymous_2)
FN:90,(anonymous_3)
FN:135,(anonymous_4)
FNF:5
FNH:5
FNDA:1,(anonymous_0)
FNDA:2,(anonymous_1)
FNDA:1,(anonymous_2)
FNDA:1,(anonymous_3)
FNDA:2,(anonymous_4)
DA:1,3
DA:2,3
DA:3,3
DA:5,3
DA:7,3
DA:8,1
DA:9,1
DA:15,1
DA:18,0
DA:22,3
DA:23,2
DA:25,2
DA:27,2
DA:42,2
DA:43,1
DA:46,1
DA:48,1
DA:61,1
DA:64,1
DA:68,3
DA:70,1
DA:71,1
DA:73,1
DA:80,1
DA:84,0
DA:90,3
DA:91,1
DA:93,1
DA:94,1
DA:96,1
DA:103,1
DA:104,0
DA:107,1
DA:109,1
DA:110,1
DA:111,0
DA:112,0
DA:114,0
DA:117,1
DA:125,1
DA:129,0
DA:135,3
DA:136,2
DA:138,2
DA:140,2
DA:147,2
DA:148,1
DA:151,1
DA:155,1
DA:160,3
LF:50
LH:43
BRDA:42,0,0,1
BRDA:42,0,1,1
BRDA:103,1,0,0
BRDA:103,1,1,1
BRDA:109,2,0,1
BRDA:109,2,1,0
BRDA:109,3,0,1
BRDA:109,3,1,1
BRDA:111,4,0,0
BRDA:111,4,1,0
BRDA:147,5,0,1
BRDA:147,5,1,1
BRF:12
BRH:8
end_of_record
